# JRE version: OpenJDK Runtime Environment Zulu15.44+13-CA (15.0.9+5) (build 15.0.9+5-MTS)
# Java VM: OpenJDK 64-Bit Server VM Zulu15.44+13-CA (15.0.9+5-MTS, mixed mode, sharing, tiered, compressed oops, g1 gc, windows-amd64)
GC Precious Log:
 CPUs: 8 total, 8 available
 Memory: 16361M
 Large Page Support: Disabled
 NUMA Support: Disabled
 Compressed Oops: Enabled (32-bit)
 Heap Region Size: 1M
 Heap Min Capacity: 256M
 Heap Initial Capacity: 256M
 Heap Max Capacity: 512M
 Pre-touch: Disabled
 Parallel Workers: 8
 Concurrent Workers: 2
 Concurrent Refinement Workers: 8
 Periodic GC: Disabled
Heap:
 garbage-first heap   total 262144K, used 161268K [0x00000000e0000000, 0x0000000100000000)
  region size 1024K, 80 young (81920K), 19 survivors (19456K)
 Metaspace       used 52044K, capacity 53019K, committed 53328K, reserved 301056K
  class space    used 6583K, capacity 6822K, committed 6912K, reserved 253952K
GC Heap History (10 events):
Event: 5.394 GC heap before
{Heap before GC invocations=0 (full 0):
 garbage-first heap   total 262144K, used 28672K [0x00000000e0000000, 0x0000000100000000)
  region size 1024K, 23 young (23552K), 0 survivors (0K)
 Metaspace       used 4022K, capacity 6607K, committed 6656K, reserved 262144K
  class space    used 496K, capacity 729K, committed 768K, reserved 253952K
}
Event: 5.402 GC heap after
{Heap after GC invocations=1 (full 0):
 garbage-first heap   total 262144K, used 9079K [0x00000000e0000000, 0x0000000100000000)
  region size 1024K, 3 young (3072K), 3 survivors (3072K)
 Metaspace       used 4022K, capacity 6607K, committed 6656K, reserved 262144K
  class space    used 496K, capacity 729K, committed 768K, reserved 253952K
}
Event: 10.422 GC heap before
{Heap before GC invocations=1 (full 0):
 garbage-first heap   total 262144K, used 35703K [0x00000000e0000000, 0x0000000100000000)
  region size 1024K, 29 young (29696K), 3 survivors (3072K)
 Metaspace       used 4196K, capacity 6607K, committed 6656K, reserved 262144K
  class space    used 497K, capacity 729K, committed 768K, reserved 253952K
}
Event: 10.425 GC heap after
{Heap after GC invocations=2 (full 0):
 garbage-first heap   total 262144K, used 13142K [0x00000000e0000000, 0x0000000100000000)
  region size 1024K, 4 young (4096K), 4 survivors (4096K)
 Metaspace       used 4196K, capacity 6607K, committed 6656K, reserved 262144K
  class space    used 497K, capacity 729K, committed 768K, reserved 253952K
}
Event: 13.808 GC heap before
{Heap before GC invocations=2 (full 0):
 garbage-first heap   total 262144K, used 138070K [0x00000000e0000000, 0x0000000100000000)
  region size 1024K, 100 young (102400K), 4 survivors (4096K)
 Metaspace       used 20620K, capacity 21192K, committed 21296K, reserved 272384K
  class space    used 2990K, capacity 3191K, committed 3200K, reserved 253952K
}
Event: 13.820 GC heap after
{Heap after GC invocations=3 (full 0):
 garbage-first heap   total 262144K, used 51255K [0x00000000e0000000, 0x0000000100000000)
  region size 1024K, 14 young (14336K), 14 survivors (14336K)
 Metaspace       used 20620K, capacity 21192K, committed 21296K, reserved 272384K
  class space    used 2990K, capacity 3191K, committed 3200K, reserved 253952K
}
Event: 16.093 GC heap before
{Heap before GC invocations=4 (full 0):
 garbage-first heap   total 262144K, used 130103K [0x00000000e0000000, 0x0000000100000000)
  region size 1024K, 90 young (92160K), 14 survivors (14336K)
 Metaspace       used 35111K, capacity 35821K, committed 35920K, reserved 286720K
  class space    used 4618K, capacity 4836K, committed 4864K, reserved 253952K
}
Event: 16.101 GC heap after
{Heap after GC invocations=5 (full 0):
 garbage-first heap   total 262144K, used 57846K [0x00000000e0000000, 0x0000000100000000)
  region size 1024K, 16 young (16384K), 16 survivors (16384K)
 Metaspace       used 35111K, capacity 35821K, committed 35920K, reserved 286720K
  class space    used 4618K, capacity 4836K, committed 4864K, reserved 253952K
}
Event: 22.592 GC heap before
{Heap before GC invocations=6 (full 0):
 garbage-first heap   total 262144K, used 225782K [0x00000000e0000000, 0x0000000100000000)
  region size 1024K, 151 young (154624K), 16 survivors (16384K)
 Metaspace       used 51925K, capacity 52891K, committed 53072K, reserved 301056K
  class space    used 6579K, capacity 6822K, committed 6912K, reserved 253952K
}
Event: 22.608 GC heap after
{Heap after GC invocations=7 (full 0):
 garbage-first heap   total 262144K, used 100852K [0x00000000e0000000, 0x0000000100000000)
  region size 1024K, 19 young (19456K), 19 survivors (19456K)
 Metaspace       used 51925K, capacity 52891K, committed 53072K, reserved 301056K
  class space    used 6579K, capacity 6822K, committed 6912K, reserved 253952K
}

